\BOOKMARK [1][-]{section.1}{\376\377\004\024\004\060\004\075\004\075\004\113\004\065}{}% 1
\BOOKMARK [1][-]{section.2}{\376\377\004\032\004\073\004\060\004\101\004\101\004\113}{}% 2
\BOOKMARK [2][-]{subsection.2.1}{\376\377\000T\000a\000s\000k\000C\000o\000n\000f\000i\000g}{section.2}% 3
\BOOKMARK [2][-]{subsection.2.2}{\376\377\000D\000a\000t\000a\000s\000e\000t}{section.2}% 4
\BOOKMARK [2][-]{subsection.2.3}{\376\377\000A\000u\000g\000m\000e\000n\000t\000a\000t\000i\000o\000n}{section.2}% 5
\BOOKMARK [2][-]{subsection.2.4}{\376\377\000C\000o\000l\000l\000a\000t\000o\000r}{section.2}% 6
\BOOKMARK [2][-]{subsection.2.5}{\376\377\004\044\004\076\004\100\004\074\004\070\004\100\004\076\004\062\004\060\004\075\004\070\004\065\000\040\004\064\004\060\004\075\004\075\004\113\004\105}{section.2}% 7
\BOOKMARK [2][-]{subsection.2.6}{\376\377\000F\000e\000a\000t\000u\000r\000i\000z\000e\000r}{section.2}% 8
\BOOKMARK [1][-]{section.3}{\376\377\000M\000o\000d\000e\000l}{}% 9
\BOOKMARK [2][-]{subsection.3.1}{\376\377\000B\000a\000s\000e\000l\000i\000n\000e}{section.3}% 10
\BOOKMARK [2][-]{subsection.3.2}{\376\377\000A\000d\000v\000a\000n\000c\000e\000d\000M\000o\000d\000e\000l}{section.3}% 11
\BOOKMARK [2][-]{subsection.3.3}{\376\377\000L\000S\000T\000M}{section.3}% 12
\BOOKMARK [2][-]{subsection.3.4}{\376\377\000C\000R\000N\000N\000-\000A}{section.3}% 13
\BOOKMARK [2][-]{subsection.3.5}{\376\377\000T\000r\000a\000n\000s\000f\000e\000r\000\040\000l\000e\000a\000r\000n\000i\000n\000g\000:\000\040\000V\000G\000G\0001\0009}{section.3}% 14
\BOOKMARK [2][-]{subsection.3.6}{\376\377\000G\000i\000t\000h\000u\000b\000\040\000m\000o\000d\000e\000l}{section.3}% 15
\BOOKMARK [1][-]{section.4}{\376\377\004\022\004\113\004\062\004\076\004\064}{}% 16
\BOOKMARK [1][-]{section.5}{\376\377\004\037\004\100\004\070\004\073\004\076\004\066\004\065\004\075\004\070\004\065}{}% 17
\BOOKMARK [2][-]{subsection.5.1}{\376\377\004\036\004\077\004\070\004\101\004\060\004\075\004\070\004\065\000\040\004\072\004\073\004\060\004\101\004\101\004\060\000\040\000T\000a\000s\000k\000C\000o\000n\000f\000i\000g}{section.5}% 18
\BOOKMARK [2][-]{subsection.5.2}{\376\377\004\036\004\077\004\070\004\101\004\060\004\075\004\070\004\065\000\040\004\072\004\073\004\060\004\101\004\101\004\060\000\040\000E\000S\000C\000\137\0005\0000}{section.5}% 19
\BOOKMARK [2][-]{subsection.5.3}{\376\377\000G\000e\000t\000\137\000s\000a\000m\000p\000l\000e\000r}{section.5}% 20
\BOOKMARK [2][-]{subsection.5.4}{\376\377\004\036\004\077\004\070\004\101\004\060\004\075\004\070\004\065\000\040\004\072\004\073\004\060\004\101\004\101\004\060\000\040\000F\000e\000a\000t\000u\000r\000i\000z\000e\000r}{section.5}% 21
\BOOKMARK [2][-]{subsection.5.5}{\376\377\000G\000i\000t\000h\000u\000b}{section.5}% 22
